2022-09-06 11:39:20,068 [1] INFO Microsoft.Hosting.Lifetime - Application started. Press Ctrl+C to shut down.
2022-09-06 11:39:20,081 [1] INFO Microsoft.Hosting.Lifetime - Hosting environment: Development
2022-09-06 11:39:20,085 [1] INFO Microsoft.Hosting.Lifetime - Content root path: C:\Users\mindc1jun71\Desktop\Internship-Management-SPA\Project
2022-09-06 11:39:27,234 [4] INFO Project2.Controllers.DesignationController - Department are displaying succesfully
2022-09-06 11:42:21,075 [16] INFO Project2.Controllers.InternController - Interns are displaying succesfully
2022-09-06 11:42:46,389 [7] INFO Project2.Controllers.InternController - Interns are displaying succesfully
2022-09-06 11:43:07,684 [21] INFO Project2.Controllers.InternController - Interns are displaying succesfully
2022-09-06 11:43:42,247 [21] INFO Project2.Controllers.DesignationController - Department are displaying succesfully
2022-09-06 11:43:43,004 [25] INFO Project2.Controllers.InternController - Interns are displaying succesfully
2022-09-06 11:44:11,776 [21] INFO Project2.Controllers.InternController - Interns are displaying succesfully
2022-09-06 11:45:04,740 [32] INFO Project2.Controllers.InternController - Interns are displaying succesfully
2022-09-06 11:45:13,872 [30] INFO Project2.Controllers.DesignationController - Department are displaying succesfully
2022-09-06 11:45:17,074 [30] INFO Project2.Controllers.InternController - Interns are displaying succesfully
2022-09-06 11:46:39,383 [36] INFO Project2.Controllers.InternController - Interns are displaying succesfully
2022-11-08 14:23:50,913 [1] INFO Microsoft.Hosting.Lifetime - Application started. Press Ctrl+C to shut down.
2022-11-08 14:23:50,920 [1] INFO Microsoft.Hosting.Lifetime - Hosting environment: Development
2022-11-08 14:23:50,922 [1] INFO Microsoft.Hosting.Lifetime - Content root path: C:\Users\Sabareeshwaran G\OneDrive\Desktop\Project
2022-11-08 14:24:43,530 [1] INFO Microsoft.Hosting.Lifetime - Application started. Press Ctrl+C to shut down.
2022-11-08 14:24:43,540 [1] INFO Microsoft.Hosting.Lifetime - Hosting environment: Development
2022-11-08 14:24:43,542 [1] INFO Microsoft.Hosting.Lifetime - Content root path: C:\Users\Sabareeshwaran G\OneDrive\Desktop\Project
2022-11-08 14:36:07,799 [11] INFO Project2.Controllers.employeeController - employees are displaying succesfully
2022-11-08 14:41:59,439 [15] INFO Project2.Controllers.employeeController - employees are displaying succesfully
2022-11-08 14:43:21,795 [23] INFO Project2.Controllers.employeeController - employees are Adding succesfully
2022-11-08 14:43:22,054 [26] INFO Project2.Controllers.employeeController - employees are displaying succesfully
2022-11-08 14:44:55,844 [31] INFO Project2.Controllers.employeeController - employees are displaying succesfully
2022-11-08 14:44:58,392 [35] INFO Project2.Controllers.employeeController - employees are displaying succesfully
2022-11-08 14:45:08,750 [36] INFO Project2.Controllers.employeeController - employees are displaying succesfully
2022-11-08 14:45:12,790 [35] INFO Project2.Controllers.employeeController - employees are displaying succesfully
2022-11-08 14:45:18,546 [31] INFO Project2.Controllers.employeeController - employees are displaying succesfully
2022-11-08 14:45:25,002 [38] INFO Project2.Controllers.employeeController - employees are displaying succesfully
2022-11-08 14:45:47,828 [36] INFO Project2.Controllers.employeeController - employees are displaying succesfully
2022-11-08 14:46:13,193 [44] INFO Project2.Controllers.employeeController - employees are displaying succesfully
2022-11-08 14:46:21,319 [42] INFO Project2.Controllers.employeeController - employees are displaying succesfully
2022-11-08 14:46:25,270 [44] INFO Project2.Controllers.employeeController - employees are displaying succesfully
2022-11-08 14:46:32,349 [44] INFO Project2.Controllers.employeeController - employees are displaying succesfully
2022-11-08 14:46:40,735 [44] INFO Project2.Controllers.employeeController - employees are displaying succesfully
2022-11-08 14:46:46,546 [44] INFO Project2.Controllers.employeeController - employees are displaying succesfully
2022-11-08 14:46:52,727 [43] INFO Project2.Controllers.employeeController - employees are displaying succesfully
2022-11-08 14:46:55,710 [42] INFO Project2.Controllers.employeeController - employees are displaying succesfully
2022-11-08 14:47:03,893 [45] INFO Project2.Controllers.employeeController - employees are displaying succesfully
2022-11-08 14:47:09,272 [46] INFO Project2.Controllers.employeeController - employees are displaying succesfully
2022-11-08 14:47:12,104 [47] INFO Project2.Controllers.employeeController - employees are displaying succesfully
2022-11-08 14:47:15,880 [43] INFO Project2.Controllers.employeeController - employees are displaying succesfully
2022-11-08 14:47:18,641 [46] INFO Project2.Controllers.employeeController - employees are displaying succesfully
2022-11-08 14:47:39,571 [44] INFO Project2.Controllers.employeeController - employees are displaying succesfully
2022-11-08 14:47:51,378 [50] INFO Project2.Controllers.employeeController - employees are displaying succesfully
2022-11-08 14:47:57,698 [43] INFO Project2.Controllers.employeeController - employees are displaying succesfully
2022-11-08 14:48:07,527 [51] INFO Project2.Controllers.employeeController - employees are displaying succesfully
2022-11-08 14:48:10,597 [48] INFO Project2.Controllers.employeeController - employees are displaying succesfully
2022-11-08 14:48:20,386 [43] INFO Project2.Controllers.employeeController - employees are displaying succesfully
2022-11-08 14:48:34,288 [44] INFO Project2.Controllers.employeeController - employees are displaying succesfully
2022-11-08 14:49:02,438 [6] INFO Project2.Controllers.employeeController - employees are displaying succesfully
2022-11-08 14:49:30,538 [5] INFO Project2.Controllers.employeeController - employees are displaying succesfully
2022-11-08 14:49:39,385 [5] INFO Project2.Controllers.employeeController - employees are displaying succesfully
2022-11-08 14:49:40,666 [4] INFO Project2.Controllers.employeeController - employees are displaying succesfully
2022-11-08 14:49:43,553 [5] INFO Project2.Controllers.employeeController - employees are displaying succesfully
2022-11-08 14:49:54,721 [9] INFO Project2.Controllers.employeeController - employees are displaying succesfully
2022-11-08 14:50:07,294 [4] INFO Project2.Controllers.employeeController - employees are displaying succesfully
2022-11-08 14:50:22,207 [11] INFO Project2.Controllers.employeeController - employees are displaying succesfully
2022-11-08 14:50:24,344 [4] INFO Project2.Controllers.employeeController - employees are displaying succesfully
2022-11-08 14:50:33,818 [5] INFO Project2.Controllers.employeeController - employees are displaying succesfully
2022-11-08 14:50:52,383 [11] INFO Project2.Controllers.employeeController - employees are displaying succesfully
2022-11-08 14:53:21,445 [47] INFO Project2.Controllers.employeeController - employees are displaying succesfully
2022-11-08 14:53:26,471 [45] INFO Project2.Controllers.employeeController - employees are displaying succesfully
2022-11-08 14:53:27,249 [42] INFO Project2.Controllers.employeeController - employees are displaying succesfully
2022-11-08 14:54:45,345 [37] INFO Project2.Controllers.employeeController - employees are displaying succesfully
2022-11-08 14:55:09,366 [47] INFO Project2.Controllers.employeeController - employees are displaying succesfully
2022-11-08 14:55:31,625 [53] INFO Project2.Controllers.employeeController - employees are displaying succesfully
2022-11-08 14:55:47,858 [4] INFO Project2.Controllers.employeeController - employees are displaying succesfully
2022-11-08 14:55:52,180 [53] INFO Project2.Controllers.employeeController - employees are displaying succesfully
2022-11-08 14:55:58,193 [4] INFO Project2.Controllers.employeeController - employees are displaying succesfully
2022-11-08 14:56:00,051 [4] INFO Project2.Controllers.employeeController - employees are displaying succesfully
2022-11-08 14:56:08,251 [6] INFO Project2.Controllers.employeeController - employees are displaying succesfully
2022-11-08 14:56:11,876 [11] INFO Project2.Controllers.employeeController - employees are displaying succesfully
2022-11-08 14:56:16,903 [5] INFO Project2.Controllers.employeeController - employees are displaying succesfully
2022-11-08 14:56:25,600 [11] INFO Project2.Controllers.employeeController - employees are displaying succesfully
2022-11-08 14:56:26,650 [53] INFO Project2.Controllers.employeeController - employees are displaying succesfully
2022-11-08 14:56:27,712 [52] INFO Project2.Controllers.employeeController - employees are displaying succesfully
2022-11-08 14:56:29,117 [4] INFO Project2.Controllers.employeeController - employees are displaying succesfully
2022-11-08 14:56:31,340 [53] INFO Project2.Controllers.employeeController - employees are displaying succesfully
2022-11-08 14:56:34,213 [5] INFO Project2.Controllers.employeeController - employees are displaying succesfully
2022-11-08 14:56:37,041 [53] INFO Project2.Controllers.employeeController - employees are displaying succesfully
2022-11-08 14:56:38,836 [6] INFO Project2.Controllers.employeeController - employees are displaying succesfully
2022-11-08 14:56:40,636 [11] INFO Project2.Controllers.employeeController - employees are displaying succesfully
2022-11-08 14:56:42,524 [53] INFO Project2.Controllers.employeeController - employees are displaying succesfully
2022-11-08 14:56:52,125 [9] INFO Project2.Controllers.employeeController - employees are displaying succesfully
2022-11-08 14:56:57,555 [5] INFO Project2.Controllers.employeeController - employees are displaying succesfully
2022-11-08 14:57:07,108 [53] INFO Project2.Controllers.employeeController - employees are displaying succesfully
2022-11-08 14:57:33,319 [48] INFO Project2.Controllers.employeeController - employees are displaying succesfully
2022-11-08 14:57:45,464 [48] INFO Project2.Controllers.employeeController - employees are displaying succesfully
2022-11-08 14:57:49,528 [50] INFO Project2.Controllers.employeeController - employees are displaying succesfully
2022-11-08 14:57:51,425 [50] INFO Project2.Controllers.employeeController - employees are displaying succesfully
2022-11-08 14:57:57,686 [49] INFO Project2.Controllers.employeeController - employees are displaying succesfully
2022-11-08 14:58:00,946 [43] INFO Project2.Controllers.employeeController - employees are displaying succesfully
2022-11-08 14:58:11,063 [50] INFO Project2.Controllers.employeeController - employees are displaying succesfully
2022-11-08 14:58:20,788 [48] INFO Project2.Controllers.employeeController - employees are displaying succesfully
2022-11-08 14:58:31,733 [49] INFO Project2.Controllers.employeeController - employees are displaying succesfully
2022-11-08 14:58:43,327 [43] INFO Project2.Controllers.employeeController - employees are displaying succesfully
2022-11-08 14:58:48,728 [43] INFO Project2.Controllers.employeeController - employees are displaying succesfully
2022-11-08 14:58:54,257 [49] INFO Project2.Controllers.employeeController - employees are displaying succesfully
2022-11-08 14:58:59,697 [48] INFO Project2.Controllers.employeeController - employees are displaying succesfully
2022-11-08 14:59:02,061 [43] INFO Project2.Controllers.employeeController - employees are displaying succesfully
2022-11-08 14:59:05,761 [50] INFO Project2.Controllers.employeeController - employees are displaying succesfully
2022-11-08 14:59:08,556 [44] INFO Project2.Controllers.employeeController - employees are displaying succesfully
2022-11-08 14:59:11,358 [50] INFO Project2.Controllers.employeeController - employees are displaying succesfully
2022-11-08 14:59:13,917 [49] INFO Project2.Controllers.employeeController - employees are displaying succesfully
2022-11-08 14:59:41,432 [31] INFO Project2.Controllers.employeeController - employees are displaying succesfully
2022-11-08 14:59:52,620 [30] INFO Project2.Controllers.employeeController - employees are displaying succesfully
2022-11-08 15:00:57,825 [23] INFO Project2.Controllers.employeeController - employees are displaying succesfully
2022-11-08 15:01:08,819 [21] INFO Project2.Controllers.employeeController - employees are displaying succesfully
2022-11-08 15:01:25,826 [22] INFO Project2.Controllers.employeeController - employees are displaying succesfully
2022-11-08 15:01:53,158 [7] INFO Project2.Controllers.employeeController - employees are displaying succesfully
2022-11-08 15:01:56,521 [7] INFO Project2.Controllers.employeeController - employees are displaying succesfully
2022-11-08 15:02:02,458 [7] INFO Project2.Controllers.employeeController - employees are displaying succesfully
2022-11-08 15:02:16,887 [7] INFO Project2.Controllers.employeeController - employees are displaying succesfully
2022-11-08 15:02:26,171 [7] INFO Project2.Controllers.employeeController - employees are displaying succesfully
2022-11-08 15:02:29,809 [18] INFO Project2.Controllers.employeeController - employees are displaying succesfully
2022-11-08 15:02:33,047 [18] INFO Project2.Controllers.employeeController - employees are displaying succesfully
2022-11-08 15:02:34,341 [19] INFO Project2.Controllers.employeeController - employees are displaying succesfully
2022-11-08 15:02:37,956 [7] INFO Project2.Controllers.employeeController - employees are displaying succesfully
2022-11-08 15:02:40,036 [7] INFO Project2.Controllers.employeeController - employees are displaying succesfully
2022-11-08 15:02:45,006 [7] INFO Project2.Controllers.employeeController - employees are displaying succesfully
2022-11-08 15:02:47,162 [7] INFO Project2.Controllers.employeeController - employees are displaying succesfully
2022-11-08 15:02:50,466 [54] INFO Project2.Controllers.employeeController - employees are displaying succesfully
2022-11-08 15:02:56,478 [7] INFO Project2.Controllers.employeeController - employees are displaying succesfully
2022-11-08 15:02:57,869 [19] INFO Project2.Controllers.employeeController - employees are displaying succesfully
2022-11-08 15:03:05,229 [7] INFO Project2.Controllers.employeeController - employees are displaying succesfully
2022-11-08 15:03:06,361 [19] INFO Project2.Controllers.employeeController - employees are displaying succesfully
2022-11-08 15:03:09,356 [7] INFO Project2.Controllers.employeeController - employees are displaying succesfully
2022-11-08 15:03:11,193 [7] INFO Project2.Controllers.employeeController - employees are displaying succesfully
2022-11-08 15:04:11,400 [55] INFO Project2.Controllers.employeeController - employees are displaying succesfully
2022-11-08 15:04:43,689 [60] INFO Project2.Controllers.employeeController - employees are displaying succesfully
2022-11-08 15:06:51,996 [65] INFO Project2.Controllers.employeeController - employees are displaying succesfully
2022-11-08 15:07:56,801 [69] INFO Project2.Controllers.employeeController - employees are displaying succesfully
2022-11-08 15:08:43,283 [74] INFO Project2.Controllers.employeeController - employees are displaying succesfully
2022-11-08 15:11:01,801 [79] INFO Project2.Controllers.employeeController - employees are displaying succesfully
2022-11-08 15:11:52,869 [81] INFO Project2.Controllers.employeeController - employees are displaying succesfully
2022-11-08 15:12:06,637 [81] INFO Project2.Controllers.employeeController - employees are displaying succesfully
2022-11-08 15:12:11,808 [84] INFO Project2.Controllers.employeeController - employees are displaying succesfully
2022-11-08 15:12:22,207 [81] INFO Project2.Controllers.employeeController - employees are displaying succesfully
2022-11-08 15:12:28,537 [87] INFO Project2.Controllers.employeeController - employees are displaying succesfully
2022-11-08 15:12:31,019 [87] INFO Project2.Controllers.employeeController - employees are displaying succesfully
2022-11-08 15:12:34,131 [85] INFO Project2.Controllers.employeeController - employees are displaying succesfully
2022-11-08 15:12:36,947 [85] INFO Project2.Controllers.employeeController - employees are displaying succesfully
2022-11-08 15:12:41,025 [87] INFO Project2.Controllers.employeeController - employees are displaying succesfully
2022-11-08 15:12:47,799 [81] INFO Project2.Controllers.employeeController - employees are displaying succesfully
2022-11-08 15:12:49,202 [82] INFO Project2.Controllers.employeeController - employees are displaying succesfully
2022-11-08 15:12:51,012 [87] INFO Project2.Controllers.employeeController - employees are displaying succesfully
2022-11-08 15:12:56,180 [87] INFO Project2.Controllers.employeeController - employees are displaying succesfully
2022-11-08 15:12:58,857 [82] INFO Project2.Controllers.employeeController - employees are displaying succesfully
2022-11-08 15:13:05,653 [85] INFO Project2.Controllers.employeeController - employees are displaying succesfully
2022-11-08 15:13:08,174 [85] INFO Project2.Controllers.employeeController - employees are displaying succesfully
2022-11-08 15:13:10,580 [81] INFO Project2.Controllers.employeeController - employees are displaying succesfully
2022-11-08 15:13:27,054 [85] INFO Project2.Controllers.employeeController - employees are displaying succesfully
2022-11-08 15:13:34,562 [81] INFO Project2.Controllers.employeeController - employees are displaying succesfully
2022-11-08 15:13:48,368 [82] INFO Project2.Controllers.employeeController - employees are displaying succesfully
2022-11-08 15:13:53,260 [84] INFO Project2.Controllers.employeeController - employees are displaying succesfully
2022-11-08 15:14:06,180 [84] INFO Project2.Controllers.employeeController - employees are displaying succesfully
2022-11-08 15:14:11,775 [81] INFO Project2.Controllers.employeeController - employees are displaying succesfully
2022-11-08 15:14:46,035 [88] INFO Project2.Controllers.employeeController - employees are displaying succesfully
2022-11-08 15:14:46,964 [91] INFO Project2.Controllers.employeeController - employees are displaying succesfully
2022-11-08 15:14:50,425 [91] INFO Project2.Controllers.employeeController - employees are displaying succesfully
2022-11-08 15:14:51,956 [88] INFO Project2.Controllers.employeeController - employees are displaying succesfully
2022-11-08 15:14:55,695 [89] INFO Project2.Controllers.employeeController - employees are displaying succesfully
2022-11-08 15:15:04,090 [88] INFO Project2.Controllers.employeeController - employees are displaying succesfully
2022-11-08 15:15:08,786 [93] INFO Project2.Controllers.employeeController - employees are displaying succesfully
2022-11-08 15:15:14,888 [91] INFO Project2.Controllers.employeeController - employees are displaying succesfully
2022-11-08 15:15:16,603 [88] INFO Project2.Controllers.employeeController - employees are displaying succesfully
2022-11-08 15:15:19,338 [89] INFO Project2.Controllers.employeeController - employees are displaying succesfully
2022-11-08 15:15:26,575 [94] INFO Project2.Controllers.employeeController - employees are displaying succesfully
2022-11-08 15:15:29,141 [90] INFO Project2.Controllers.employeeController - employees are displaying succesfully
2022-11-08 15:15:37,866 [89] INFO Project2.Controllers.employeeController - employees are displaying succesfully
2022-11-08 15:15:45,746 [93] INFO Project2.Controllers.employeeController - employees are displaying succesfully
2022-11-08 15:15:56,543 [94] INFO Project2.Controllers.employeeController - employees are displaying succesfully
2022-11-08 15:16:02,763 [93] INFO Project2.Controllers.employeeController - employees are displaying succesfully
2022-11-08 15:16:06,180 [93] INFO Project2.Controllers.employeeController - employees are displaying succesfully
2022-11-08 15:16:18,005 [88] INFO Project2.Controllers.employeeController - employees are displaying succesfully
2022-11-08 15:16:28,613 [88] INFO Project2.Controllers.employeeController - employees are displaying succesfully
2022-11-08 15:16:33,295 [90] INFO Project2.Controllers.employeeController - employees are displaying succesfully
2022-11-08 15:16:34,956 [89] INFO Project2.Controllers.employeeController - employees are displaying succesfully
2022-11-08 15:16:51,694 [89] INFO Project2.Controllers.employeeController - employees are displaying succesfully
2022-11-08 15:17:01,813 [89] INFO Project2.Controllers.employeeController - employees are displaying succesfully
2022-11-08 15:17:05,137 [89] INFO Project2.Controllers.employeeController - employees are displaying succesfully
2022-11-08 15:17:10,248 [88] INFO Project2.Controllers.employeeController - employees are displaying succesfully
2022-11-08 15:17:15,381 [95] INFO Project2.Controllers.employeeController - employees are displaying succesfully
2022-11-08 15:17:24,144 [89] INFO Project2.Controllers.employeeController - employees are displaying succesfully
2022-11-08 15:17:27,535 [88] INFO Project2.Controllers.employeeController - employees are displaying succesfully
2022-11-08 15:17:28,883 [88] INFO Project2.Controllers.employeeController - employees are displaying succesfully
2022-11-08 15:17:41,329 [91] INFO Project2.Controllers.employeeController - employees are displaying succesfully
2022-11-08 15:18:47,128 [96] INFO Project2.Controllers.employeeController - employees are displaying succesfully
2022-11-08 15:19:29,929 [100] INFO Project2.Controllers.employeeController - employees are displaying succesfully
2022-11-08 15:19:55,156 [103] INFO Project2.Controllers.employeeController - employees are displaying succesfully
2022-11-08 15:20:48,222 [106] INFO Project2.Controllers.employeeController - employees are displaying succesfully
2022-11-08 15:20:49,338 [110] INFO Project2.Controllers.employeeController - employees are displaying succesfully
2022-11-08 15:20:50,599 [110] INFO Project2.Controllers.employeeController - employees are displaying succesfully
2022-11-08 15:21:01,123 [106] INFO Project2.Controllers.employeeController - employees are displaying succesfully
2022-11-08 15:21:06,917 [110] INFO Project2.Controllers.employeeController - employees are displaying succesfully
2022-11-08 15:21:09,623 [106] INFO Project2.Controllers.employeeController - employees are displaying succesfully
2022-11-08 15:21:14,143 [106] INFO Project2.Controllers.employeeController - employees are displaying succesfully
2022-11-08 15:21:33,469 [109] INFO Project2.Controllers.employeeController - employees are displaying succesfully
2022-11-08 15:21:39,457 [109] INFO Project2.Controllers.employeeController - employees are displaying succesfully
2022-11-08 15:21:48,776 [108] INFO Project2.Controllers.employeeController - employees are displaying succesfully
2022-11-08 15:21:56,514 [106] INFO Project2.Controllers.employeeController - employees are displaying succesfully
2022-11-08 15:21:59,524 [110] INFO Project2.Controllers.employeeController - employees are displaying succesfully
2022-11-08 15:22:33,215 [115] INFO Project2.Controllers.employeeController - employees are displaying succesfully
2022-11-08 15:22:41,380 [111] INFO Project2.Controllers.employeeController - employees are deleting succesfully
2022-11-08 15:22:41,395 [111] INFO Project2.Controllers.employeeController - employees are displaying succesfully
2022-11-08 15:22:51,996 [115] INFO Project2.Controllers.DesignationController - Department are displaying succesfully
2022-11-08 15:23:03,332 [112] INFO Project2.Controllers.employeeController - employees are displaying succesfully
2022-11-08 15:23:08,040 [115] INFO Project2.Controllers.DesignationController - Department are displaying succesfully
2022-11-08 15:24:31,181 [28] INFO Project2.Controllers.employeeController - employees are displaying succesfully
2022-11-08 15:26:04,968 [34] INFO Project2.Controllers.employeeController - employees are displaying succesfully
2022-11-08 15:26:05,383 [43] INFO Project2.Controllers.employeeController - employees are displaying succesfully
2022-11-08 15:26:18,465 [34] INFO Project2.Controllers.employeeController - employees are displaying succesfully
2022-11-08 15:26:44,612 [49] INFO Project2.Controllers.employeeController - employees are displaying succesfully
2022-11-08 15:26:45,639 [50] INFO Project2.Controllers.employeeController - employees are displaying succesfully
2022-11-08 15:26:56,846 [50] INFO Project2.Controllers.employeeController - employees are displaying succesfully
2022-11-08 15:27:03,755 [49] INFO Project2.Controllers.employeeController - employees are displaying succesfully
2022-11-08 15:27:04,807 [48] INFO Project2.Controllers.employeeController - employees are displaying succesfully
2022-11-08 15:27:09,581 [48] INFO Project2.Controllers.employeeController - employees are displaying succesfully
2022-11-08 15:27:13,652 [48] INFO Project2.Controllers.employeeController - employees are displaying succesfully
2022-11-08 15:27:18,146 [6] INFO Project2.Controllers.employeeController - employees are displaying succesfully
2022-11-08 15:27:25,633 [48] INFO Project2.Controllers.employeeController - employees are displaying succesfully
2022-11-08 15:27:39,384 [5] INFO Project2.Controllers.employeeController - employees are displaying succesfully
2022-11-08 15:27:47,228 [49] INFO Project2.Controllers.employeeController - employees are displaying succesfully
2022-11-08 15:28:03,293 [48] INFO Project2.Controllers.employeeController - employees are displaying succesfully
2022-11-08 15:28:13,085 [48] INFO Project2.Controllers.employeeController - employees are displaying succesfully
2022-11-08 15:28:20,491 [5] INFO Project2.Controllers.employeeController - employees are displaying succesfully
2022-11-08 15:28:32,339 [49] INFO Project2.Controllers.employeeController - employees are displaying succesfully
2022-11-08 15:28:35,421 [50] INFO Project2.Controllers.employeeController - employees are displaying succesfully
2022-11-08 15:28:40,072 [5] INFO Project2.Controllers.employeeController - employees are displaying succesfully
2022-11-08 15:28:42,644 [48] INFO Project2.Controllers.employeeController - employees are displaying succesfully
2022-11-08 15:28:48,174 [9] INFO Project2.Controllers.employeeController - employees are displaying succesfully
2022-11-08 15:28:53,305 [50] INFO Project2.Controllers.employeeController - employees are displaying succesfully
2022-11-08 15:28:54,222 [5] INFO Project2.Controllers.employeeController - employees are displaying succesfully
2022-11-08 15:29:12,357 [48] INFO Project2.Controllers.employeeController - employees are displaying succesfully
2022-11-08 15:29:17,724 [48] INFO Project2.Controllers.employeeController - employees are displaying succesfully
2022-11-08 15:29:23,475 [9] INFO Project2.Controllers.employeeController - employees are displaying succesfully
2022-11-08 15:29:46,429 [49] INFO Project2.Controllers.employeeController - employees are displaying succesfully
2022-11-08 15:29:50,066 [52] INFO Project2.Controllers.employeeController - employees are displaying succesfully
2022-11-08 15:29:55,487 [47] INFO Project2.Controllers.employeeController - employees are displaying succesfully
2022-11-08 15:29:57,051 [53] INFO Project2.Controllers.employeeController - employees are displaying succesfully
2022-11-08 15:29:59,287 [47] INFO Project2.Controllers.employeeController - employees are displaying succesfully
2022-11-08 15:30:03,568 [49] INFO Project2.Controllers.employeeController - employees are displaying succesfully
2022-11-08 15:30:13,869 [47] INFO Project2.Controllers.employeeController - employees are displaying succesfully
2022-11-08 15:30:21,056 [47] INFO Project2.Controllers.employeeController - employees are displaying succesfully
2022-11-08 15:30:31,854 [52] INFO Project2.Controllers.employeeController - employees are displaying succesfully
2022-11-08 15:30:32,820 [52] INFO Project2.Controllers.employeeController - employees are displaying succesfully
2022-11-08 15:30:37,491 [47] INFO Project2.Controllers.employeeController - employees are displaying succesfully
2022-11-08 15:30:49,826 [53] INFO Project2.Controllers.employeeController - employees are displaying succesfully
2022-11-08 15:30:51,915 [49] INFO Project2.Controllers.employeeController - employees are displaying succesfully
2022-11-08 15:30:54,540 [11] INFO Project2.Controllers.employeeController - employees are displaying succesfully
2022-11-08 15:30:56,887 [49] INFO Project2.Controllers.employeeController - employees are displaying succesfully
2022-11-08 15:31:15,044 [49] INFO Project2.Controllers.employeeController - employees are displaying succesfully
2022-11-08 15:31:18,065 [47] INFO Project2.Controllers.employeeController - employees are displaying succesfully
2022-11-08 15:31:29,693 [47] INFO Project2.Controllers.employeeController - employees are displaying succesfully
2022-11-08 15:31:45,503 [49] INFO Project2.Controllers.employeeController - employees are displaying succesfully
2022-11-08 15:31:51,389 [52] INFO Project2.Controllers.employeeController - employees are displaying succesfully
2022-11-08 15:31:59,517 [49] INFO Project2.Controllers.employeeController - employees are displaying succesfully
2022-11-08 15:32:09,056 [52] INFO Project2.Controllers.employeeController - employees are displaying succesfully
2022-11-08 15:32:10,971 [11] INFO Project2.Controllers.employeeController - employees are displaying succesfully
2022-11-08 15:32:13,468 [52] INFO Project2.Controllers.employeeController - employees are displaying succesfully
2022-11-08 15:32:17,286 [41] INFO Project2.Controllers.employeeController - employees are displaying succesfully
2022-11-08 15:32:56,587 [119] INFO Project2.Controllers.employeeController - employees are displaying succesfully
2022-11-08 15:33:19,522 [122] INFO Project2.Controllers.employeeController - employees are displaying succesfully
2022-11-08 15:33:26,597 [37] INFO Project2.Controllers.employeeController - employees are displaying succesfully
2022-11-08 15:33:32,773 [123] INFO Project2.Controllers.employeeController - employees are displaying succesfully
2022-11-08 15:33:46,713 [125] INFO Project2.Controllers.employeeController - employees are displaying succesfully
2022-11-08 15:33:51,084 [37] INFO Project2.Controllers.employeeController - employees are displaying succesfully
2022-11-08 15:33:55,203 [123] INFO Project2.Controllers.employeeController - employees are displaying succesfully
2022-11-08 15:33:58,495 [122] INFO Project2.Controllers.employeeController - employees are displaying succesfully
2022-11-08 15:34:02,583 [37] INFO Project2.Controllers.employeeController - employees are displaying succesfully
2022-11-08 15:34:14,481 [37] INFO Project2.Controllers.employeeController - employees are displaying succesfully
2022-11-08 15:34:16,416 [122] INFO Project2.Controllers.employeeController - employees are displaying succesfully
2022-11-08 15:34:23,154 [124] INFO Project2.Controllers.DesignationController - Department are displaying succesfully
2022-11-08 15:34:43,954 [122] INFO Project2.Controllers.DesignationController - Department are displaying succesfully
2022-11-08 15:34:46,933 [133] INFO Project2.Controllers.DesignationController - Department are displaying succesfully
2022-11-08 15:35:00,520 [122] INFO Project2.Controllers.DesignationController - Department are displaying succesfully
2022-11-08 15:35:02,531 [131] INFO Project2.Controllers.DesignationController - Department are displaying succesfully
2022-11-08 15:35:18,988 [133] INFO Project2.Controllers.DesignationController - Department are Adding succesfully
2022-11-08 15:35:19,008 [128] INFO Project2.Controllers.DesignationController - Department are displaying succesfully
2022-11-08 15:35:28,986 [131] INFO Project2.Controllers.employeeController - employees are displaying succesfully
2022-11-08 15:35:57,448 [122] INFO Project2.Controllers.employeeController - employees are displaying succesfully
2022-11-08 15:36:12,454 [138] INFO Project2.Controllers.DesignationController - Department are displaying succesfully
2022-11-08 15:36:35,209 [136] INFO Project2.Controllers.DesignationController - Department are displaying succesfully
2022-11-08 15:36:46,823 [142] INFO Project2.Controllers.employeeController - employees are displaying succesfully
2022-11-08 15:37:15,861 [144] INFO Project2.Controllers.employeeController - employees are displaying succesfully
2022-11-08 15:39:29,303 [150] INFO Project2.Controllers.employeeController - employees are displaying succesfully
2022-11-08 15:39:36,116 [151] INFO Project2.Controllers.DesignationController - Department are displaying succesfully
2022-11-08 15:39:39,544 [149] INFO Project2.Controllers.employeeController - employees are displaying succesfully
2022-11-08 15:39:40,712 [148] INFO Project2.Controllers.DesignationController - Department are displaying succesfully
2022-11-08 15:39:42,736 [148] INFO Project2.Controllers.employeeController - employees are displaying succesfully
2022-11-08 15:40:07,139 [153] INFO Project2.Controllers.employeeController - employees are displaying succesfully
2022-11-08 15:40:37,516 [156] INFO Project2.Controllers.employeeController - employees are Adding succesfully
2022-11-08 15:40:37,528 [156] INFO Project2.Controllers.employeeController - employees are displaying succesfully
2022-11-08 15:42:49,620 [170] INFO Project2.Controllers.employeeController - employees are displaying succesfully
2022-11-08 15:43:38,133 [163] INFO Project2.Controllers.employeeController - employees are displaying succesfully
2022-11-08 15:43:58,782 [163] INFO Project2.Controllers.employeeController - employees are displaying succesfully
2022-11-08 15:44:59,780 [156] INFO Project2.Controllers.employeeController - employees are displaying succesfully
2022-11-08 15:45:02,650 [158] INFO Project2.Controllers.employeeController - employees are displaying succesfully
2022-11-08 15:45:12,851 [156] INFO Project2.Controllers.employeeController - employees are displaying succesfully
2022-11-08 15:45:14,448 [156] INFO Project2.Controllers.employeeController - employees are displaying succesfully
2022-11-08 15:45:17,510 [156] INFO Project2.Controllers.employeeController - employees are displaying succesfully
2022-11-08 15:45:26,899 [156] INFO Project2.Controllers.employeeController - employees are displaying succesfully
2022-11-08 15:45:28,977 [158] INFO Project2.Controllers.employeeController - employees are displaying succesfully
2022-11-08 15:45:45,090 [157] INFO Project2.Controllers.employeeController - employees are displaying succesfully
2022-11-08 15:45:54,175 [158] INFO Project2.Controllers.employeeController - employees are displaying succesfully
2022-11-08 15:47:01,426 [150] INFO Project2.Controllers.DesignationController - Department are displaying succesfully
2022-11-08 15:47:18,244 [149] INFO Project2.Controllers.DesignationController - Department are modifying succesfully
2022-11-08 15:47:18,251 [147] INFO Project2.Controllers.DesignationController - Department are displaying succesfully
2022-11-08 15:47:26,419 [150] INFO Project2.Controllers.DesignationController - Department are deleting succesfully
2022-11-08 15:47:26,426 [147] INFO Project2.Controllers.DesignationController - Department are displaying succesfully
2022-11-08 15:47:40,510 [147] INFO Project2.Controllers.DesignationController - Department are Adding succesfully
2022-11-08 15:47:40,522 [145] INFO Project2.Controllers.DesignationController - Department are displaying succesfully
2022-11-08 17:08:51,068 [1] INFO Microsoft.Hosting.Lifetime - Application started. Press Ctrl+C to shut down.
2022-11-08 17:08:51,082 [1] INFO Microsoft.Hosting.Lifetime - Hosting environment: Development
2022-11-08 17:08:51,085 [1] INFO Microsoft.Hosting.Lifetime - Content root path: C:\Users\Sabareeshwaran G\OneDrive\Desktop\Project
2022-11-08 17:09:18,484 [6] INFO Project2.Controllers.employeeController - employees are displaying succesfully
2022-11-08 17:09:43,944 [13] INFO Project2.Controllers.employeeController - employees are displaying succesfully
2022-11-08 17:09:49,027 [17] INFO Project2.Controllers.DesignationController - Department are displaying succesfully
2022-11-08 17:09:55,257 [19] INFO Project2.Controllers.DesignationController - Department are modifying succesfully
2022-11-08 17:09:55,372 [17] INFO Project2.Controllers.DesignationController - Department are displaying succesfully
2022-11-08 17:10:05,006 [17] INFO Project2.Controllers.DesignationController - Department are displaying succesfully
2022-11-08 19:32:27,806 [1] INFO Microsoft.Hosting.Lifetime - Application started. Press Ctrl+C to shut down.
2022-11-08 19:32:27,818 [1] INFO Microsoft.Hosting.Lifetime - Hosting environment: Development
2022-11-08 19:32:27,820 [1] INFO Microsoft.Hosting.Lifetime - Content root path: C:\Users\Sabareeshwaran G\OneDrive\Desktop\Project
2022-11-08 19:33:34,044 [10] INFO Project2.Controllers.employeeController - employees are displaying succesfully
2022-11-08 19:50:03,195 [19] INFO Project2.Controllers.employeeController - employees are displaying succesfully
2022-11-08 19:50:08,140 [18] INFO Project2.Controllers.DesignationController - Department are displaying succesfully
2022-11-08 19:51:30,973 [17] INFO Project2.Controllers.employeeController - employees are displaying succesfully
2022-11-08 19:51:36,869 [21] INFO Project2.Controllers.DesignationController - Department are displaying succesfully
2022-11-08 19:51:42,293 [10] INFO Project2.Controllers.employeeController - employees are displaying succesfully
